Determining if the pthread_create exist failed with the following output:
Change Dir: /home/sebastian/catkin_ws/src/tas_car/build-tas_local_planner-Desktop-Default/CMakeFiles/CMakeTmp

Run Build Command:/usr/bin/make "cmTryCompileExec3418551698/fast"
/usr/bin/make -f CMakeFiles/cmTryCompileExec3418551698.dir/build.make CMakeFiles/cmTryCompileExec3418551698.dir/build
make[1]: Entering directory `/home/sebastian/catkin_ws/src/tas_car/build-tas_local_planner-Desktop-Default/CMakeFiles/CMakeTmp'
/usr/bin/cmake -E cmake_progress_report /home/sebastian/catkin_ws/src/tas_car/build-tas_local_planner-Desktop-Default/CMakeFiles/CMakeTmp/CMakeFiles 1
Building C object CMakeFiles/cmTryCompileExec3418551698.dir/CheckSymbolExists.c.o
/usr/bin/cc    -o CMakeFiles/cmTryCompileExec3418551698.dir/CheckSymbolExists.c.o   -c /home/sebastian/catkin_ws/src/tas_car/build-tas_local_planner-Desktop-Default/CMakeFiles/CMakeTmp/CheckSymbolExists.c
Linking C executable cmTryCompileExec3418551698
/usr/bin/cmake -E cmake_link_script CMakeFiles/cmTryCompileExec3418551698.dir/link.txt --verbose=1
/usr/bin/cc       CMakeFiles/cmTryCompileExec3418551698.dir/CheckSymbolExists.c.o  -o cmTryCompileExec3418551698 -rdynamic 
CMakeFiles/cmTryCompileExec3418551698.dir/CheckSymbolExists.c.o: In function `main':
CheckSymbolExists.c:(.text+0x16): undefined reference to `pthread_create'
collect2: error: ld returned 1 exit status
make[1]: Leaving directory `/home/sebastian/catkin_ws/src/tas_car/build-tas_local_planner-Desktop-Default/CMakeFiles/CMakeTmp'
make[1]: *** [cmTryCompileExec3418551698] Error 1
make: *** [cmTryCompileExec3418551698/fast] Error 2

File /home/sebastian/catkin_ws/src/tas_car/build-tas_local_planner-Desktop-Default/CMakeFiles/CMakeTmp/CheckSymbolExists.c:
/* */
#include <pthread.h>

int main(int argc, char** argv)
{
  (void)argv;
#ifndef pthread_create
  return ((int*)(&pthread_create))[argc];
#else
  (void)argc;
  return 0;
#endif
}

Determining if the function pthread_create exists in the pthreads failed with the following output:
Change Dir: /home/sebastian/catkin_ws/src/tas_car/build-tas_local_planner-Desktop-Default/CMakeFiles/CMakeTmp

Run Build Command:/usr/bin/make "cmTryCompileExec553060104/fast"
/usr/bin/make -f CMakeFiles/cmTryCompileExec553060104.dir/build.make CMakeFiles/cmTryCompileExec553060104.dir/build
make[1]: Entering directory `/home/sebastian/catkin_ws/src/tas_car/build-tas_local_planner-Desktop-Default/CMakeFiles/CMakeTmp'
/usr/bin/cmake -E cmake_progress_report /home/sebastian/catkin_ws/src/tas_car/build-tas_local_planner-Desktop-Default/CMakeFiles/CMakeTmp/CMakeFiles 1
Building C object CMakeFiles/cmTryCompileExec553060104.dir/CheckFunctionExists.c.o
/usr/bin/cc   -DCHECK_FUNCTION_EXISTS=pthread_create   -o CMakeFiles/cmTryCompileExec553060104.dir/CheckFunctionExists.c.o   -c /usr/share/cmake-2.8/Modules/CheckFunctionExists.c
Linking C executable cmTryCompileExec553060104
/usr/bin/cmake -E cmake_link_script CMakeFiles/cmTryCompileExec553060104.dir/link.txt --verbose=1
/usr/bin/cc   -DCHECK_FUNCTION_EXISTS=pthread_create    CMakeFiles/cmTryCompileExec553060104.dir/CheckFunctionExists.c.o  -o cmTryCompileExec553060104 -rdynamic -lpthreads 
/usr/bin/ld: cannot find -lpthreads
collect2: error: ld returned 1 exit status
make[1]: *** [cmTryCompileExec553060104] Error 1
make[1]: Leaving directory `/home/sebastian/catkin_ws/src/tas_car/build-tas_local_planner-Desktop-Default/CMakeFiles/CMakeTmp'
make: *** [cmTryCompileExec553060104/fast] Error 2


